Epoch: 1527957559.233269
[]
Epoch: 1527957569.314664
[]
Epoch: 1527957579.397626
[('192.168.1.165', 'TCP')]
Epoch: 1527957589.427803
[('192.168.1.192', 'UDP')]
Epoch: 1527957599.450958
[]
Epoch: 1527957609.461697
[]
Epoch: 1527957619.574381
[]
Epoch: 1527957629.668721
[]
Epoch: 1527957639.700638
[]
Epoch: 1527957649.772705
[('192.168.1.192', 'UDP')]
Epoch: 1527957659.776486
[]
Epoch: 1527957669.807293
[]
Epoch: 1527957679.835664
[]
Epoch: 1527957689.907647
[]
Epoch: 1527957699.96842
[]
Epoch: 1527957710.083549
[('192.168.1.192', 'UDP')]
Epoch: 1527957720.098682
[]
Epoch: 1527957730.099381
[]
Epoch: 1527957740.18363
[]
Epoch: 1527957750.184308
[]
Epoch: 1527957760.188786
[]
Epoch: 1527957770.299324
[('192.168.1.192', 'UDP')]
Epoch: 1527957780.300193
[]
Epoch: 1527957790.349735
[]
Epoch: 1527957800.433812
[]
Epoch: 1527957810.433969
[]
Epoch: 1527957820.506373
[]
Epoch: 1527957830.582518
[('192.168.1.192', 'UDP')]
Epoch: 1527957840.65136
[]
Epoch: 1527957850.652143
[]
Epoch: 1527957860.682662
[]
Epoch: 1527957870.744464
[]
Epoch: 1527957880.759161
[]
Epoch: 1527957890.808525
[('192.168.1.192', 'UDP')]
Epoch: 1527957900.857522
[]
Epoch: 1527957910.918357
[]
Epoch: 1527957920.969678
[]
Epoch: 1527957930.988158
[]
Epoch: 1527957941.059074
[]
Epoch: 1527957951.155154
[('192.168.1.192', 'UDP')]
Epoch: 1527957961.170252
[]
Epoch: 1527957971.172402
[]
Epoch: 1527957981.188232
[]
Epoch: 1527957991.188749
[]
Epoch: 1527958001.189286
[]
Epoch: 1527958011.19031
[('192.168.1.192', 'UDP')]
Epoch: 1527958021.191079
[('35.224.42.73', 'TCP')]
Epoch: 1527958031.191674
[]
Epoch: 1527958041.192348
[]
Epoch: 1527958051.193531
[]
Epoch: 1527958061.194405
[]
Epoch: 1527958071.196178
[('192.168.1.192', 'UDP')]
Epoch: 1527958081.196632
[('35.224.42.73', 'TCP')]
Epoch: 1527958091.213268
[]
Epoch: 1527958101.224458
[]
Epoch: 1527958111.226026
[]
Epoch: 1527958121.296176
[]
Epoch: 1527958131.352961
[('192.168.1.192', 'UDP')]
Epoch: 1527958141.383266
[]
Epoch: 1527958151.451786
[]
Epoch: 1527958161.585632
[]
Epoch: 1527958171.597593
[('192.168.1.165', 'TCP')]
Epoch: 1527958181.647076
[]
Epoch: 1527958191.6641
[]
Epoch: 1527958201.755259
[]
Epoch: 1527958211.803223
[]
Epoch: 1527958221.809659
[]
Epoch: 1527958231.828029
[('149.171.36.232', 'SNMP'), ('192.168.1.248', 'SNMP')]
Epoch: 1527958241.855999
[]
Epoch: 1527958251.896198
[]
Epoch: 1527958261.908063
[]
Epoch: 1527958271.916443
[]
Epoch: 1527958281.92821
[]
Epoch: 1527958291.932419
[]
Epoch: 1527958301.932709
[]
Epoch: 1527958311.944094
[]
Epoch: 1527958321.976457
[('35.224.42.73', 'TCP')]
Epoch: 1527958332.020459
[]
Epoch: 1527958342.03153
[]
Epoch: 1527958352.043318
[]
Epoch: 1527958362.066198
[]
Epoch: 1527958372.094602
[]
Epoch: 1527958382.109032
[]
Epoch: 1527958392.136134
[]
Epoch: 1527958402.142703
[]
Epoch: 1527958412.172063
[]
Epoch: 1527958422.172137
[]
Epoch: 1527958432.176525
[]
Epoch: 1527958442.212387
[]
Epoch: 1527958452.227541
[]
Epoch: 1527958462.272354
[]
Epoch: 1527958472.290297
[]
Epoch: 1527958482.290435
[]
Epoch: 1527958492.3042
[]
Epoch: 1527958502.324552
[]
Epoch: 1527958512.344348
[]
Epoch: 1527958522.361271
[]
Epoch: 1527958532.363471
[]
Epoch: 1527958542.408216
[('192.168.1.192', 'UDP')]
Epoch: 1527958552.408383
[]
Epoch: 1527958562.42001
[('00:00:00:00:00:02', 'ARP')]
Epoch: 1527958572.420234
[]
Epoch: 1527958582.42586
[]
Epoch: 1527958592.427804
[]
Epoch: 1527958602.456465
[]
Epoch: 1527958612.48006
[]
Epoch: 1527958622.505613
[('35.224.42.73', 'TCP')]
Epoch: 1527958632.512272
[]
Epoch: 1527958642.556259
[]
Epoch: 1527958652.60067
[]
Epoch: 1527958662.603124
[('192.168.1.192', 'UDP')]
Epoch: 1527958672.629529
[]
Epoch: 1527958682.653888
[('35.224.42.73', 'TCP')]
Epoch: 1527958692.675357
[]
Epoch: 1527958702.683455
[]
Epoch: 1527958712.684842
[]
Epoch: 1527958722.689045
[('192.168.1.192', 'UDP')]
Epoch: 1527958732.696366
[]
Epoch: 1527958742.713392
[]
Epoch: 1527958752.718105
[]
Epoch: 1527958762.726099
[]
Epoch: 1527958772.740578
[]
Epoch: 1527958782.778255
[('192.168.1.192', 'UDP')]
Epoch: 1527958792.778511
[]
Epoch: 1527958802.788014
[]
Epoch: 1527958812.792887
[]
Epoch: 1527958822.818491
[]
Epoch: 1527958832.830556
[]
Epoch: 1527958842.85919
[]
Epoch: 1527958852.871266
[]
Epoch: 1527958862.888489
[('35.224.42.73', 'TCP')]
Epoch: 1527958872.904943
[]
Epoch: 1527958882.91444
[]
Epoch: 1527958892.91454
[]
Epoch: 1527958902.917598
[]
Epoch: 1527958912.932199
[]
Epoch: 1527958922.935006
[]
Epoch: 1527958932.943086
[]
Epoch: 1527958942.987676
[]
Epoch: 1527958953.005765
[]
Epoch: 1527958963.022878
[('192.168.1.192', 'UDP')]
Epoch: 1527958973.035162
[]
Epoch: 1527958983.080882
[]
Epoch: 1527958993.098705
[]
Epoch: 1527959003.102123
[]
Epoch: 1527959013.127175
[]
Epoch: 1527959023.150743
[]
Epoch: 1527959033.181588
[]
Epoch: 1527959043.20759
[]
Epoch: 1527959053.29642
[]
Epoch: 1527959063.306333
[]
